#
# There is insufficient memory for the Java Runtime Environment to continue.
# Native memory allocation (malloc) failed to allocate 883776 bytes for Chunk::new
# Possible reasons:
#   The system is out of physical RAM or swap space
#   The process is running with CompressedOops enabled, and the Java Heap may be blocking the growth of the native heap
# Possible solutions:
#   Reduce memory load on the system
#   Increase physical memory or swap space
#   Check if swap backing store is full
#   Decrease Java heap size (-Xmx/-Xms)
#   Decrease number of Java threads
#   Decrease Java thread stack sizes (-Xss)
#   Set larger code cache with -XX:ReservedCodeCacheSize=
#   JVM is running with Unscaled Compressed Oops mode in which the Java heap is
#     placed in the first 4GB address space. The Java Heap base address is the
#     maximum limit for the native heap growth. Please use -XX:HeapBaseMinAddress
#     to set the Java Heap base and to place the Java Heap above 4GB virtual address.
# This output file may be truncated or incomplete.
#
#  Out of Memory Error (allocation.cpp:389), pid=31636, tid=0x0000000000008904
#
# JRE version: OpenJDK Runtime Environment (8.0_212-b04) (build 1.8.0_212-release-1586-b04)
# Java VM: OpenJDK 64-Bit Server VM (25.212-b04 mixed mode windows-amd64 compressed oops)
# Failed to write core dump. Minidumps are not enabled by default on client versions of Windows
#

---------------  T H R E A D  ---------------

Current thread (0x0000000018697800):  JavaThread "C2 CompilerThread2" daemon [_thread_in_native, id=35076, stack(0x0000000019120000,0x0000000019220000)]

Stack: [0x0000000019120000,0x0000000019220000]
[error occurred during error reporting (printing stack bounds), id 0xc0000005]

Native frames: (J=compiled Java code, j=interpreted, Vv=VM code, C=native code)


Current CompileTask:
C2:   4166 3721       4       org.objectweb.asm.Frame::execute (2318 bytes)


---------------  P R O C E S S  ---------------

Java Threads: ( => current thread )
  0x000000002088c000 JavaThread "Cache worker for Build Output Cleanup Cache (D:\Documents\Documents\Other\Git\Potaru\android\.gradle\buildOutputCleanup)" [_thread_blocked, id=30460, stack(0x0000000022420000,0x0000000022520000)]
  0x000000002088b000 JavaThread "Build operations Thread 8" [_thread_blocked, id=36988, stack(0x0000000022f70000,0x0000000023070000)]
  0x0000000020892000 JavaThread "Build operations Thread 7" [_thread_blocked, id=33252, stack(0x0000000022e70000,0x0000000022f70000)]
  0x000000002088a800 JavaThread "Build operations Thread 6" [_thread_blocked, id=33852, stack(0x0000000022d70000,0x0000000022e70000)]
  0x0000000020891000 JavaThread "Build operations Thread 5" [_thread_blocked, id=25984, stack(0x0000000022c70000,0x0000000022d70000)]
  0x0000000020889800 JavaThread "Build operations Thread 4" [_thread_blocked, id=37636, stack(0x0000000022a70000,0x0000000022b70000)]
  0x0000000020890800 JavaThread "Build operations Thread 3" [_thread_blocked, id=32484, stack(0x0000000022970000,0x0000000022a70000)]
  0x000000002088e000 JavaThread "Build operations Thread 2" [_thread_blocked, id=37596, stack(0x0000000022870000,0x0000000022970000)]
  0x0000000020889000 JavaThread "Build operations" [_thread_blocked, id=12952, stack(0x0000000022560000,0x0000000022660000)]
  0x000000002088f800 JavaThread "Cache worker for execution history cache (C:\Users\Lelouch\.gradle\caches\5.6.2\executionHistory)" [_thread_blocked, id=22380, stack(0x0000000020ed0000,0x0000000020fd0000)]
  0x000000002088d800 JavaThread "Cache worker for cache directory md-rule (C:\Users\Lelouch\.gradle\caches\5.6.2\md-rule)" [_thread_blocked, id=7304, stack(0x00000000209d0000,0x0000000020ad0000)]
  0x000000002088c800 JavaThread "Cache worker for cache directory md-supplier (C:\Users\Lelouch\.gradle\caches\5.6.2\md-supplier)" [_thread_blocked, id=34204, stack(0x00000000208d0000,0x00000000209d0000)]
  0x000000001a0ea800 JavaThread "Cache worker for file hash cache (D:\Documents\Documents\Other\Git\Potaru\android\.gradle\5.6.2\fileHashes)" [_thread_blocked, id=35532, stack(0x000000001f3a0000,0x000000001f4a0000)]
  0x000000001a0f0800 JavaThread "Cache worker for journal cache (C:\Users\Lelouch\.gradle\caches\journal-1)" [_thread_blocked, id=34008, stack(0x000000001cf00000,0x000000001d000000)]
  0x000000001a0f0000 JavaThread "File lock request listener" [_thread_in_native, id=37416, stack(0x000000001ce00000,0x000000001cf00000)]
  0x000000001a0ed800 JavaThread "Cache worker for file hash cache (C:\Users\Lelouch\.gradle\caches\5.6.2\fileHashes)" [_thread_blocked, id=25140, stack(0x000000001cd00000,0x000000001ce00000)]
  0x000000001b0c7000 JavaThread "Thread-9" [_thread_blocked, id=31864, stack(0x000000001cc00000,0x000000001cd00000)]
  0x000000001b105000 JavaThread "Stdin handler" [_thread_blocked, id=34688, stack(0x000000001cb00000,0x000000001cc00000)]
  0x000000001b0f4000 JavaThread "Asynchronous log dispatcher for DefaultDaemonConnection: socket connection from /127.0.0.1:60709 to /127.0.0.1:60710" [_thread_blocked, id=25156, stack(0x000000001c900000,0x000000001ca00000)]
  0x000000001b0e4000 JavaThread "Daemon worker" [_thread_in_vm, id=36588, stack(0x000000001c600000,0x000000001c700000)]
  0x000000001b0e3800 JavaThread "Cancel handler" [_thread_blocked, id=32976, stack(0x000000001c500000,0x000000001c600000)]
  0x000000001b0e0800 JavaThread "Handler for socket connection from /127.0.0.1:60709 to /127.0.0.1:60710" [_thread_in_native, id=35744, stack(0x000000001c400000,0x000000001c500000)]
  0x000000001b0df800 JavaThread "Daemon" [_thread_blocked, id=36648, stack(0x000000001c300000,0x000000001c400000)]
  0x000000001b027800 JavaThread "Daemon periodic checks" [_thread_blocked, id=36984, stack(0x000000001c200000,0x000000001c300000)]
  0x000000001b026800 JavaThread "Incoming local TCP Connector on port 60709" [_thread_in_native, id=30332, stack(0x000000001bfc0000,0x000000001c0c0000)]
  0x000000001afb6000 JavaThread "Daemon health stats" [_thread_blocked, id=35348, stack(0x000000001bcc0000,0x000000001bdc0000)]
  0x0000000018726000 JavaThread "Service Thread" daemon [_thread_blocked, id=22340, stack(0x0000000019320000,0x0000000019420000)]
  0x00000000186b2800 JavaThread "C1 CompilerThread3" daemon [_thread_blocked, id=8072, stack(0x0000000019220000,0x0000000019320000)]
=>0x0000000018697800 JavaThread "C2 CompilerThread2" daemon [_thread_in_native, id=35076, stack(0x0000000019120000,0x0000000019220000)]
  0x0000000018684800 JavaThread "C2 CompilerThread1" daemon [_thread_in_native, id=30236, stack(0x0000000019020000,0x0000000019120000)]
  0x000000001862b800 JavaThread "C2 CompilerThread0" daemon [_thread_in_native, id=34524, stack(0x0000000018f20000,0x0000000019020000)]
  0x000000001862a800 JavaThread "Attach Listener" daemon [_thread_blocked, id=35376, stack(0x0000000018e20000,0x0000000018f20000)]
  0x0000000018680000 JavaThread "Signal Dispatcher" daemon [_thread_blocked, id=37080, stack(0x0000000018d20000,0x0000000018e20000)]
  0x0000000018610800 JavaThread "Finalizer" daemon [_thread_blocked, id=33320, stack(0x0000000018af0000,0x0000000018bf0000)]
  0x000000001681c000 JavaThread "Reference Handler" daemon [_thread_blocked, id=32808, stack(0x00000000189f0000,0x0000000018af0000)]
  0x0000000002963800 JavaThread "main" [_thread_blocked, id=37220, stack(0x0000000002860000,0x0000000002960000)]

Other Threads:
  0x0000000016817000 VMThread [stack: 0x00000000184f0000,0x00000000185f0000] [id=3704]
  0x00000000186f9000 WatcherThread [stack: 0x0000000019420000,0x0000000019520000] [id=33652]

VM state:not at safepoint (normal execution)

VM Mutex/Monitor currently owned by a thread: None

heap address: 0x00000000a0000000, size: 1536 MB, Compressed Oops mode: 32-bit
Narrow klass base: 0x0000000000000000, Narrow klass shift: 3
Compressed class space size: 1073741824 Address: 0x0000000100000000

Heap:
 PSYoungGen      total 112640K, used 59554K [0x00000000e0000000, 0x00000000eb880000, 0x0000000100000000)
  eden space 98816K, 60% used [0x00000000e0000000,0x00000000e3a28be0,0x00000000e6080000)
  from space 13824K, 0% used [0x00000000e6080000,0x00000000e6080000,0x00000000e6e00000)
  to   space 13312K, 0% used [0x00000000eab80000,0x00000000eab80000,0x00000000eb880000)
 ParOldGen       total 176640K, used 17096K [0x00000000a0000000, 0x00000000aac80000, 0x00000000e0000000)
  object space 176640K, 9% used [0x00000000a0000000,0x00000000a10b2040,0x00000000aac80000)
 Metaspace       used 41681K, capacity 42780K, committed 43048K, reserved 1087488K
  class space    used 5610K, capacity 5915K, committed 5928K, reserved 1048576K

Card table byte_map: [0x0000000011e20000,0x0000000012130000] byte_map_base: 0x0000000011920000

Marking Bits: (ParMarkBitMap*) 0x0000000068399f30
 Begin Bits: [0x0000000012b30000, 0x0000000014330000)
 End Bits:   [0x0000000014330000, 0x0000000015b30000)

Polling page: 0x0000000000c30000

CodeCache: size=245760Kb used=13207Kb max_used=13214Kb free=232552Kb
 bounds [0x0000000002a60000, 0x0000000003750000, 0x0000000011a60000]
 total_blobs=4511 nmethods=3774 adapters=647
 compilation: enabled

Compilation events (10 events):
Event: 4.161 Thread 0x00000000186b2800 3776  s    2       java.io.ByteArrayOutputStream::write (32 bytes)
Event: 4.161 Thread 0x00000000186b2800 nmethod 3776 0x00000000037471d0 code [0x0000000003747340, 0x0000000003747688]
Event: 4.162 Thread 0x00000000186b2800 3778       3       sun.security.util.ObjectIdentifier::pack7Oid (84 bytes)
Event: 4.162 Thread 0x00000000186b2800 nmethod 3778 0x0000000003747810 code [0x00000000037479a0, 0x0000000003747d38]
Event: 4.162 Thread 0x00000000186b2800 3777       3       sun.security.util.ObjectIdentifier::pack7Oid (42 bytes)
Event: 4.163 Thread 0x00000000186b2800 nmethod 3777 0x0000000003747f10 code [0x0000000003748080, 0x00000000037482a8]
Event: 4.163 Thread 0x00000000186b2800 3779       3       sun.security.util.ObjectIdentifier::checkOtherComponent (39 bytes)
Event: 4.163 Thread 0x00000000186b2800 nmethod 3779 0x0000000003748350 code [0x0000000003748540, 0x0000000003748e68]
Event: 4.163 Thread 0x0000000018684800 nmethod 3753 0x000000000374c910 code [0x000000000374cac0, 0x000000000374d508]
Event: 4.163 Thread 0x0000000018684800 3765       4       java.util.jar.Manifest$FastInputStream::readLine (167 bytes)

GC Heap History (10 events):
Event: 2.834 GC heap before
{Heap before GC invocations=5 (full 1):
 PSYoungGen      total 76288K, used 65536K [0x00000000e0000000, 0x00000000e5500000, 0x0000000100000000)
  eden space 65536K, 100% used [0x00000000e0000000,0x00000000e4000000,0x00000000e4000000)
  from space 10752K, 0% used [0x00000000e4000000,0x00000000e4000000,0x00000000e4a80000)
  to   space 10752K, 0% used [0x00000000e4a80000,0x00000000e4a80000,0x00000000e5500000)
 ParOldGen       total 115200K, used 12345K [0x00000000a0000000, 0x00000000a7080000, 0x00000000e0000000)
  object space 115200K, 10% used [0x00000000a0000000,0x00000000a0c0e718,0x00000000a7080000)
 Metaspace       used 27931K, capacity 28470K, committed 28848K, reserved 1075200K
  class space    used 3815K, capacity 4008K, committed 4016K, reserved 1048576K
Event: 2.840 GC heap after
Heap after GC invocations=5 (full 1):
 PSYoungGen      total 76288K, used 8439K [0x00000000e0000000, 0x00000000e7400000, 0x0000000100000000)
  eden space 65536K, 0% used [0x00000000e0000000,0x00000000e0000000,0x00000000e4000000)
  from space 10752K, 78% used [0x00000000e4a80000,0x00000000e52bdfa0,0x00000000e5500000)
  to   space 10752K, 0% used [0x00000000e4000000,0x00000000e4000000,0x00000000e4a80000)
 ParOldGen       total 115200K, used 12353K [0x00000000a0000000, 0x00000000a7080000, 0x00000000e0000000)
  object space 115200K, 10% used [0x00000000a0000000,0x00000000a0c10718,0x00000000a7080000)
 Metaspace       used 27931K, capacity 28470K, committed 28848K, reserved 1075200K
  class space    used 3815K, capacity 4008K, committed 4016K, reserved 1048576K
}
Event: 3.178 GC heap before
{Heap before GC invocations=6 (full 1):
 PSYoungGen      total 76288K, used 73975K [0x00000000e0000000, 0x00000000e7400000, 0x0000000100000000)
  eden space 65536K, 100% used [0x00000000e0000000,0x00000000e4000000,0x00000000e4000000)
  from space 10752K, 78% used [0x00000000e4a80000,0x00000000e52bdfa0,0x00000000e5500000)
  to   space 10752K, 0% used [0x00000000e4000000,0x00000000e4000000,0x00000000e4a80000)
 ParOldGen       total 115200K, used 12353K [0x00000000a0000000, 0x00000000a7080000, 0x00000000e0000000)
  object space 115200K, 10% used [0x00000000a0000000,0x00000000a0c10718,0x00000000a7080000)
 Metaspace       used 31141K, capacity 31668K, committed 32176K, reserved 1077248K
  class space    used 4262K, capacity 4434K, committed 4528K, reserved 1048576K
Event: 3.184 GC heap after
Heap after GC invocations=6 (full 1):
 PSYoungGen      total 76288K, used 9211K [0x00000000e0000000, 0x00000000e7b00000, 0x0000000100000000)
  eden space 65536K, 0% used [0x00000000e0000000,0x00000000e0000000,0x00000000e4000000)
  from space 10752K, 85% used [0x00000000e4000000,0x00000000e48fed60,0x00000000e4a80000)
  to   space 13312K, 0% used [0x00000000e6e00000,0x00000000e6e00000,0x00000000e7b00000)
 ParOldGen       total 115200K, used 12361K [0x00000000a0000000, 0x00000000a7080000, 0x00000000e0000000)
  object space 115200K, 10% used [0x00000000a0000000,0x00000000a0c12718,0x00000000a7080000)
 Metaspace       used 31141K, capacity 31668K, committed 32176K, reserved 1077248K
  class space    used 4262K, capacity 4434K, committed 4528K, reserved 1048576K
}
Event: 3.572 GC heap before
{Heap before GC invocations=7 (full 1):
 PSYoungGen      total 76288K, used 74747K [0x00000000e0000000, 0x00000000e7b00000, 0x0000000100000000)
  eden space 65536K, 100% used [0x00000000e0000000,0x00000000e4000000,0x00000000e4000000)
  from space 10752K, 85% used [0x00000000e4000000,0x00000000e48fed60,0x00000000e4a80000)
  to   space 13312K, 0% used [0x00000000e6e00000,0x00000000e6e00000,0x00000000e7b00000)
 ParOldGen       total 115200K, used 12361K [0x00000000a0000000, 0x00000000a7080000, 0x00000000e0000000)
  object space 115200K, 10% used [0x00000000a0000000,0x00000000a0c12718,0x00000000a7080000)
 Metaspace       used 34137K, capacity 34912K, committed 35120K, reserved 1079296K
  class space    used 4679K, capacity 4872K, committed 4912K, reserved 1048576K
Event: 3.578 GC heap after
Heap after GC invocations=7 (full 1):
 PSYoungGen      total 112128K, used 11414K [0x00000000e0000000, 0x00000000e7e00000, 0x0000000100000000)
  eden space 98816K, 0% used [0x00000000e0000000,0x00000000e0000000,0x00000000e6080000)
  from space 13312K, 85% used [0x00000000e6e00000,0x00000000e7925848,0x00000000e7b00000)
  to   space 13824K, 0% used [0x00000000e6080000,0x00000000e6080000,0x00000000e6e00000)
 ParOldGen       total 115200K, used 12369K [0x00000000a0000000, 0x00000000a7080000, 0x00000000e0000000)
  object space 115200K, 10% used [0x00000000a0000000,0x00000000a0c14718,0x00000000a7080000)
 Metaspace       used 34137K, capacity 34912K, committed 35120K, reserved 1079296K
  class space    used 4679K, capacity 4872K, committed 4912K, reserved 1048576K
}
Event: 3.695 GC heap before
{Heap before GC invocations=8 (full 1):
 PSYoungGen      total 112128K, used 21859K [0x00000000e0000000, 0x00000000e7e00000, 0x0000000100000000)
  eden space 98816K, 10% used [0x00000000e0000000,0x00000000e0a33590,0x00000000e6080000)
  from space 13312K, 85% used [0x00000000e6e00000,0x00000000e7925848,0x00000000e7b00000)
  to   space 13824K, 0% used [0x00000000e6080000,0x00000000e6080000,0x00000000e6e00000)
 ParOldGen       total 115200K, used 12369K [0x00000000a0000000, 0x00000000a7080000, 0x00000000e0000000)
  object space 115200K, 10% used [0x00000000a0000000,0x00000000a0c14718,0x00000000a7080000)
 Metaspace       used 34473K, capacity 35400K, committed 35496K, reserved 1079296K
  class space    used 4729K, capacity 4990K, committed 5032K, reserved 1048576K
Event: 3.700 GC heap after
Heap after GC invocations=8 (full 1):
 PSYoungGen      total 112640K, used 10034K [0x00000000e0000000, 0x00000000eb880000, 0x0000000100000000)
  eden space 98816K, 0% used [0x00000000e0000000,0x00000000e0000000,0x00000000e6080000)
  from space 13824K, 72% used [0x00000000e6080000,0x00000000e6a4cb08,0x00000000e6e00000)
  to   space 13312K, 0% used [0x00000000eab80000,0x00000000eab80000,0x00000000eb880000)
 ParOldGen       total 115200K, used 12377K [0x00000000a0000000, 0x00000000a7080000, 0x00000000e0000000)
  object space 115200K, 10% used [0x00000000a0000000,0x00000000a0c16718,0x00000000a7080000)
 Metaspace       used 34473K, capacity 35400K, committed 35496K, reserved 1079296K
  class space    used 4729K, capacity 4990K, committed 5032K, reserved 1048576K
}
Event: 3.700 GC heap before
{Heap before GC invocations=9 (full 2):
 PSYoungGen      total 112640K, used 10034K [0x00000000e0000000, 0x00000000eb880000, 0x0000000100000000)
  eden space 98816K, 0% used [0x00000000e0000000,0x00000000e0000000,0x00000000e6080000)
  from space 13824K, 72% used [0x00000000e6080000,0x00000000e6a4cb08,0x00000000e6e00000)
  to   space 13312K, 0% used [0x00000000eab80000,0x00000000eab80000,0x00000000eb880000)
 ParOldGen       total 115200K, used 12377K [0x00000000a0000000, 0x00000000a7080000, 0x00000000e0000000)
  object space 115200K, 10% used [0x00000000a0000000,0x00000000a0c16718,0x00000000a7080000)
 Metaspace       used 34473K, capacity 35400K, committed 35496K, reserved 1079296K
  class space    used 4729K, capacity 4990K, committed 5032K, reserved 1048576K
Event: 3.759 GC heap after
Heap after GC invocations=9 (full 2):
 PSYoungGen      total 112640K, used 0K [0x00000000e0000000, 0x00000000eb880000, 0x0000000100000000)
  eden space 98816K, 0% used [0x00000000e0000000,0x00000000e0000000,0x00000000e6080000)
  from space 13824K, 0% used [0x00000000e6080000,0x00000000e6080000,0x00000000e6e00000)
  to   space 13312K, 0% used [0x00000000eab80000,0x00000000eab80000,0x00000000eb880000)
 ParOldGen       total 176640K, used 17096K [0x00000000a0000000, 0x00000000aac80000, 0x00000000e0000000)
  object space 176640K, 9% used [0x00000000a0000000,0x00000000a10b2040,0x00000000aac80000)
 Metaspace       used 34449K, capacity 35322K, committed 35496K, reserved 1079296K
  class space    used 4721K, capacity 4977K, committed 5032K, reserved 1048576K
}

Deoptimization events (10 events):
Event: 3.817 Thread 0x000000001b0e4000 Uncommon trap: reason=unstable_if action=reinterpret pc=0x00000000034771a8 method=java.util.Objects.equals(Ljava/lang/Object;Ljava/lang/Object;)Z @ 6
Event: 3.825 Thread 0x000000001b0e4000 Uncommon trap: reason=bimorphic action=maybe_recompile pc=0x000000000321f930 method=java.util.AbstractCollection.addAll(Ljava/util/Collection;)Z @ 29
Event: 3.839 Thread 0x000000001b0e4000 Uncommon trap: reason=predicate action=maybe_recompile pc=0x0000000003393d48 method=java.util.Arrays.binarySearch0([Ljava/lang/Object;IILjava/lang/Object;Ljava/util/Comparator;)I @ 28
Event: 3.859 Thread 0x000000001b0e4000 Uncommon trap: reason=unstable_if action=reinterpret pc=0x00000000030e8efc method=sun.misc.MetaIndex.mayContain(Ljava/lang/String;)Z @ 38
Event: 3.860 Thread 0x000000001b0e4000 Uncommon trap: reason=unstable_if action=reinterpret pc=0x000000000349514c method=java.security.CodeSource.hashCode()I @ 4
Event: 4.105 Thread 0x000000001b0e4000 Uncommon trap: reason=range_check action=make_not_entrant pc=0x000000000347dee4 method=java.lang.String.charAt(I)C @ 27
Event: 4.153 Thread 0x000000001b0e4000 Uncommon trap: reason=unstable_if action=reinterpret pc=0x0000000003352890 method=java.util.jar.JarFile.maybeInstantiateVerifier()V @ 75
Event: 4.153 Thread 0x000000001b0e4000 Uncommon trap: reason=unstable_if action=reinterpret pc=0x0000000002cd52f0 method=java.util.jar.Manifest$FastInputStream.readLine([BII)I @ 87
Event: 4.153 Thread 0x000000001b0e4000 Uncommon trap: reason=unstable_if action=reinterpret pc=0x0000000002f8f84c method=java.util.jar.Attributes$Name.isDigit(C)Z @ 3
Event: 4.159 Thread 0x000000001b0e4000 Uncommon trap: reason=unstable_if action=reinterpret pc=0x0000000003701508 method=java.lang.ThreadLocal.get()Ljava/lang/Object; @ 11

Classes redefined (0 events):
No events

Internal exceptions (10 events):
Event: 3.675 Thread 0x000000001b0e4000 Exception <a 'java/security/PrivilegedActionException'> (0x00000000e075df70) thrown at [D:\src\AOSP-openjdk-cygwin\jdk8u\hotspot\src\share\vm\prims\jvm.cpp, line 1502]
Event: 3.675 Thread 0x000000001b0e4000 Exception <a 'java/security/PrivilegedActionException'> (0x00000000e0761ab8) thrown at [D:\src\AOSP-openjdk-cygwin\jdk8u\hotspot\src\share\vm\prims\jvm.cpp, line 1502]
Event: 3.675 Thread 0x000000001b0e4000 Exception <a 'java/security/PrivilegedActionException'> (0x00000000e0762c08) thrown at [D:\src\AOSP-openjdk-cygwin\jdk8u\hotspot\src\share\vm\prims\jvm.cpp, line 1502]
Event: 3.677 Thread 0x000000001b0e4000 Exception <a 'java/lang/ClassNotFoundException': build_5rio7hl788dlxsny80380c502BeanInfo> (0x00000000e0777fc0) thrown at [D:\src\AOSP-openjdk-cygwin\jdk8u\hotspot\src\share\vm\classfile\systemDictionary.cpp, line 210]
Event: 3.677 Thread 0x000000001b0e4000 Exception <a 'java/lang/ClassNotFoundException': build_5rio7hl788dlxsny80380c502Customizer> (0x00000000e0788b88) thrown at [D:\src\AOSP-openjdk-cygwin\jdk8u\hotspot\src\share\vm\classfile\systemDictionary.cpp, line 210]
Event: 3.682 Thread 0x000000001b0e4000 Exception <a 'java/lang/ClassNotFoundException': org/gradle/api/internal/plugins/DefaultObjectConfigurationActionBeanInfo> (0x00000000e0842600) thrown at [D:\src\AOSP-openjdk-cygwin\jdk8u\hotspot\src\share\vm\classfile\systemDictionary.cpp, line 210]
Event: 3.683 Thread 0x000000001b0e4000 Exception <a 'java/lang/ClassNotFoundException': org/gradle/api/internal/plugins/DefaultObjectConfigurationActionCustomizer> (0x00000000e088be20) thrown at [D:\src\AOSP-openjdk-cygwin\jdk8u\hotspot\src\share\vm\classfile\systemDictionary.cpp, line 210]
Event: 3.817 Thread 0x000000001b0e4000 Implicit null exception at 0x0000000003477042 to 0x0000000003477195
Event: 3.860 Thread 0x000000001b0e4000 Implicit null exception at 0x0000000003494e55 to 0x000000000349513d
Event: 4.159 Thread 0x000000001b0e4000 Implicit null exception at 0x0000000003700fa8 to 0x00000000037014f1

Events (10 events):
Event: 4.164 loading class sun/security/x509/X509CertImpl done
Event: 4.165 loading class sun/security/x509/X509CertInfo
Event: 4.165 loading class sun/security/x509/CertAttrSet
Event: 4.165 loading class sun/security/x509/CertAttrSet done
Event: 4.165 loading class sun/security/x509/X509CertInfo done
Event: 4.165 loading class sun/security/x509/CertificateVersion
Event: 4.165 loading class sun/security/x509/CertificateVersion done
Event: 4.165 loading class sun/security/x509/CertificateSerialNumber
Event: 4.165 loading class sun/security/x509/CertificateSerialNumber done
Event: 4.165 loading class sun/security/x509/SerialNumber


Dynamic libraries:
0x00007ff6d68d0000 - 0x00007ff6d6901000 	C:\Program Files\Android\Android Studio\jre\bin\java.exe
0x00007ffd851c0000 - 0x00007ffd853b0000 	C:\WINDOWS\SYSTEM32\ntdll.dll
0x00007ffd833c0000 - 0x00007ffd83472000 	C:\WINDOWS\System32\KERNEL32.DLL
0x00007ffd82260000 - 0x00007ffd82504000 	C:\WINDOWS\System32\KERNELBASE.dll
0x00007ffd84bb0000 - 0x00007ffd84c53000 	C:\WINDOWS\System32\ADVAPI32.dll
0x00007ffd83830000 - 0x00007ffd838ce000 	C:\WINDOWS\System32\msvcrt.dll
0x00007ffd84410000 - 0x00007ffd844a7000 	C:\WINDOWS\System32\sechost.dll
0x00007ffd83ef0000 - 0x00007ffd84010000 	C:\WINDOWS\System32\RPCRT4.dll
0x00007ffd834e0000 - 0x00007ffd83675000 	C:\WINDOWS\System32\USER32.dll
0x00007ffd83180000 - 0x00007ffd831a1000 	C:\WINDOWS\System32\win32u.dll
0x00007ffd832c0000 - 0x00007ffd832e6000 	C:\WINDOWS\System32\GDI32.dll
0x00007ffd82fe0000 - 0x00007ffd83176000 	C:\WINDOWS\System32\gdi32full.dll
0x00007ffd82560000 - 0x00007ffd825fe000 	C:\WINDOWS\System32\msvcp_win.dll
0x00007ffd82600000 - 0x00007ffd826fa000 	C:\WINDOWS\System32\ucrtbase.dll
0x00007ffd72d00000 - 0x00007ffd72f84000 	C:\WINDOWS\WinSxS\amd64_microsoft.windows.common-controls_6595b64144ccf1df_6.0.18362.1016_none_9e7a36bbe461dae4\COMCTL32.dll
0x00007ffd838d0000 - 0x00007ffd83c05000 	C:\WINDOWS\System32\combase.dll
0x00007ffd82110000 - 0x00007ffd82190000 	C:\WINDOWS\System32\bcryptPrimitives.dll
0x00007ffd83680000 - 0x00007ffd836ae000 	C:\WINDOWS\System32\IMM32.DLL
0x00007ffd81b90000 - 0x00007ffd81c87000 	C:\Windows\system32\guard64.dll
0x00007ffd81b80000 - 0x00007ffd81b8a000 	C:\WINDOWS\system32\version.dll
0x00007ffd836b0000 - 0x00007ffd83807000 	C:\WINDOWS\System32\ole32.dll
0x00007ffd81a80000 - 0x00007ffd81a8a000 	C:\WINDOWS\system32\fltlib.dll
0x0000000068420000 - 0x00000000684f2000 	C:\Program Files\Android\Android Studio\jre\jre\bin\msvcr100.dll
0x0000000067bd0000 - 0x0000000068416000 	C:\Program Files\Android\Android Studio\jre\jre\bin\server\jvm.dll
0x00007ffd84ba0000 - 0x00007ffd84ba8000 	C:\WINDOWS\System32\PSAPI.DLL
0x00007ffd5ad30000 - 0x00007ffd5ad39000 	C:\WINDOWS\SYSTEM32\WSOCK32.dll
0x00007ffd84010000 - 0x00007ffd8407f000 	C:\WINDOWS\System32\WS2_32.dll
0x00007ffd7f160000 - 0x00007ffd7f184000 	C:\WINDOWS\SYSTEM32\WINMM.dll
0x00007ffd7f130000 - 0x00007ffd7f15d000 	C:\WINDOWS\SYSTEM32\WINMMBASE.dll
0x00007ffd82510000 - 0x00007ffd8255a000 	C:\WINDOWS\System32\cfgmgr32.dll
0x00007ffd53a10000 - 0x00007ffd53a1f000 	C:\Program Files\Android\Android Studio\jre\jre\bin\verify.dll
0x00007ffd4b980000 - 0x00007ffd4b9a9000 	C:\Program Files\Android\Android Studio\jre\jre\bin\java.dll
0x00007ffd50550000 - 0x00007ffd50566000 	C:\Program Files\Android\Android Studio\jre\jre\bin\zip.dll
0x00007ffd844b0000 - 0x00007ffd84b97000 	C:\WINDOWS\System32\SHELL32.dll
0x00007ffd84360000 - 0x00007ffd84409000 	C:\WINDOWS\System32\shcore.dll
0x00007ffd82850000 - 0x00007ffd82fd2000 	C:\WINDOWS\System32\windows.storage.dll
0x00007ffd820e0000 - 0x00007ffd82103000 	C:\WINDOWS\System32\profapi.dll
0x00007ffd82050000 - 0x00007ffd8209a000 	C:\WINDOWS\System32\powrprof.dll
0x00007ffd82040000 - 0x00007ffd82050000 	C:\WINDOWS\System32\UMPDC.dll
0x00007ffd83480000 - 0x00007ffd834d2000 	C:\WINDOWS\System32\shlwapi.dll
0x00007ffd820c0000 - 0x00007ffd820d1000 	C:\WINDOWS\System32\kernel.appcore.dll
0x00007ffd82190000 - 0x00007ffd821a7000 	C:\WINDOWS\System32\cryptsp.dll
0x00007ffd4b960000 - 0x00007ffd4b97a000 	C:\Program Files\Android\Android Studio\jre\jre\bin\net.dll
0x00007ffd7a650000 - 0x00007ffd7a826000 	C:\WINDOWS\SYSTEM32\urlmon.dll
0x00007ffd7b6f0000 - 0x00007ffd7b996000 	C:\WINDOWS\SYSTEM32\iertutil.dll
0x00007ffd81950000 - 0x00007ffd8195c000 	C:\WINDOWS\SYSTEM32\CRYPTBASE.DLL
0x00007ffd81780000 - 0x00007ffd817e7000 	C:\WINDOWS\system32\mswsock.dll
0x00007ffd4b810000 - 0x00007ffd4b823000 	C:\Program Files\Android\Android Studio\jre\jre\bin\nio.dll
0x00007ffd4b7e0000 - 0x00007ffd4b806000 	C:\Users\Lelouch\.gradle\native\30\windows-amd64\native-platform.dll
0x00007ffd53470000 - 0x00007ffd5347d000 	C:\Program Files\Android\Android Studio\jre\jre\bin\management.dll
0x00007ffd812f0000 - 0x00007ffd81323000 	C:\WINDOWS\system32\rsaenh.dll
0x00007ffd83210000 - 0x00007ffd83236000 	C:\WINDOWS\System32\bcrypt.dll
0x00007ffd81f30000 - 0x00007ffd81f55000 	C:\WINDOWS\SYSTEM32\USERENV.dll
0x00007ffd81490000 - 0x00007ffd814ca000 	C:\WINDOWS\SYSTEM32\IPHLPAPI.DLL
0x00007ffd83c10000 - 0x00007ffd83c18000 	C:\WINDOWS\System32\NSI.dll
0x00007ffd75350000 - 0x00007ffd75366000 	C:\WINDOWS\SYSTEM32\dhcpcsvc6.DLL
0x00007ffd75330000 - 0x00007ffd7534c000 	C:\WINDOWS\SYSTEM32\dhcpcsvc.DLL
0x00007ffd814d0000 - 0x00007ffd8159b000 	C:\WINDOWS\SYSTEM32\DNSAPI.dll

VM Arguments:
jvm_args: -Xmx1536M -Dfile.encoding=GBK -Duser.country=MY -Duser.language=en -Duser.variant 
java_command: org.gradle.launcher.daemon.bootstrap.GradleDaemon 5.6.2
java_class_path (initial): C:\Users\Lelouch\.gradle\wrapper\dists\gradle-5.6.2-all\9st6wgf78h16so49nn74lgtbb\gradle-5.6.2\lib\gradle-launcher-5.6.2.jar
Launcher Type: SUN_STANDARD

Environment Variables:
JAVA_HOME=C:\Program Files\Android\Android Studio\jre
CLASSPATH=D:\Documents\Documents\Other\Git\Potaru\android\\gradle\wrapper\gradle-wrapper.jar
PATH=C:\Program Files (x86)\Python38-32\Scripts\;C:\Program Files (x86)\Python38-32\;C:\oraclexe\app\oracle\product\11.2.0\server\bin;C:\Windows\system32;C:\Windows;C:\Windows\System32\Wbem;C:\Windows\System32\WindowsPowerShell\v1.0\;C:\Windows\System32\OpenSSH\;C:\Program Files\Intel\WiFi\bin\;C:\Program Files\Common Files\Intel\WirelessCommon\;C:\Program Files (x86)\NVIDIA Corporation\PhysX\Common;C:\Users\Lelouch\.dnx\bin;C:\Program Files\Microsoft DNX\Dnvm\;C:\Program Files\Microsoft VS Code\bin;C:\Program Files\NVIDIA Corporation\NVIDIA NvDLISR;C:\Program Files\dotnet\;C:\Program Files\Microsoft SQL Server\Client SDK\ODBC\170\Tools\Binn\;C:\Program Files\Java\jdk1.8.0_202\bin;D:\Documents\Documents\Education\Utar\App\apache-tomee-plume-1.7.5\bin;C:\Program Files (x86)\Common Files\Acronis\VirtualFile\;C:\Program Files (x86)\Common Files\Acronis\VirtualFile64\;C:\Program Files (x86)\Common Files\Acronis\FileProtector\;C:\Program Files (x86)\Common Files\Acronis\FileProtector64\;C:\Program Files (x86)\Common Files\Acronis\SnapAPI\;C:\Program Files\Dart\dart-sdk\bin;C:\Program Files\nodejs\;C:\Program Files (x86)\Yarn\bin\;C:\Program Files\Microsoft SQL Server\130\Tools\Binn\;C:\Program Files (x86)\Microsoft SQL Server\150\DTS\Binn\;C:\WINDOWS\system32;C:\WINDOWS;C:\WINDOWS\System32\Wbem;C:\WINDOWS\System32\WindowsPowerShell\v1.0\;C:\WINDOWS\System32\OpenSSH\;C:\Program Files\Git\cmd;C:\Program Files\MySQL\MySQL Shell 8.0\bin\;C:\Users\Lelouch\AppData\Local\Microsoft\WindowsApps;C:\flutter\bin;C:\Program Files\heroku\bin;C:\Users\Lelouch\AppData\Roaming\npm;C:\Users\Lelouch\AppData\Local\GitHubDesktop\bin;C:\Users\Lelouch\AppData\Local\Yarn\bin;%USERPROFILE%\AppData\Local\Microsoft\WindowsApps;;C:\flutter\bin\mingit\cmd
USERNAME=Lelouch
OS=Windows_NT
PROCESSOR_IDENTIFIER=Intel64 Family 6 Model 158 Stepping 10, GenuineIntel



---------------  S Y S T E M  ---------------

OS: Windows 10.0 , 64 bit Build 18362 (10.0.18362.959)

CPU:total 8 (initial active 8) (4 cores per cpu, 2 threads per core) family 6 model 158 stepping 10, cmov, cx8, fxsr, mmx, sse, sse2, sse3, ssse3, sse4.1, sse4.2, popcnt, avx, avx2, aes, clmul, erms, 3dnowpref, lzcnt, ht, tsc, tscinvbit, bmi1, bmi2, adx

Memory: 4k page, physical 16646384k(3542864k free), swap 18957136k(5532k free)

vm_info: OpenJDK 64-Bit Server VM (25.212-b04) for windows-amd64 JRE (1.8.0_212-release-1586-b04), built by "builder" with MS VC++ 10.0 (VS2010)

time: Sat Sep 05 17:10:46 2020
timezone: Malay Peninsula Standard Time
elapsed time: 4 seconds (0d 0h 0m 4s)

