#
# There is insufficient memory for the Java Runtime Environment to continue.
# Native memory allocation (malloc) failed to allocate 1784496 bytes for Chunk::new
# Possible reasons:
#   The system is out of physical RAM or swap space
#   The process is running with CompressedOops enabled, and the Java Heap may be blocking the growth of the native heap
# Possible solutions:
#   Reduce memory load on the system
#   Increase physical memory or swap space
#   Check if swap backing store is full
#   Decrease Java heap size (-Xmx/-Xms)
#   Decrease number of Java threads
#   Decrease Java thread stack sizes (-Xss)
#   Set larger code cache with -XX:ReservedCodeCacheSize=
#   JVM is running with Unscaled Compressed Oops mode in which the Java heap is
#     placed in the first 4GB address space. The Java Heap base address is the
#     maximum limit for the native heap growth. Please use -XX:HeapBaseMinAddress
#     to set the Java Heap base and to place the Java Heap above 4GB virtual address.
# This output file may be truncated or incomplete.
#
#  Out of Memory Error (allocation.cpp:389), pid=37172, tid=0x0000000000008b90
#
# JRE version: OpenJDK Runtime Environment (8.0_212-b04) (build 1.8.0_212-release-1586-b04)
# Java VM: OpenJDK 64-Bit Server VM (25.212-b04 mixed mode windows-amd64 compressed oops)
# Failed to write core dump. Minidumps are not enabled by default on client versions of Windows
#

---------------  T H R E A D  ---------------

Current thread (0x000000001885b800):  JavaThread "C2 CompilerThread0" daemon [_thread_in_native, id=35728, stack(0x0000000019120000,0x0000000019220000)]

Stack: [0x0000000019120000,0x0000000019220000]
[error occurred during error reporting (printing stack bounds), id 0xc0000005]

Native frames: (J=compiled Java code, j=interpreted, Vv=VM code, C=native code)


Current CompileTask:
C2:   5051 4533   !   4       com.sun.beans.TypeResolver::resolve (274 bytes)


---------------  P R O C E S S  ---------------

Java Threads: ( => current thread )
  0x000000001e6f1800 JavaThread "Cache worker for Build Output Cleanup Cache (D:\Documents\Documents\Other\Git\Potaru\android\.gradle\buildOutputCleanup)" [_thread_blocked, id=35480, stack(0x0000000022610000,0x0000000022710000)]
  0x000000001e6f7800 JavaThread "Build operations Thread 8" [_thread_blocked, id=34480, stack(0x0000000023150000,0x0000000023250000)]
  0x000000001e6f6800 JavaThread "Build operations Thread 7" [_thread_blocked, id=32344, stack(0x0000000023050000,0x0000000023150000)]
  0x000000001e6ef000 JavaThread "Build operations Thread 6" [_thread_blocked, id=36544, stack(0x0000000022f50000,0x0000000023050000)]
  0x000000001e6f3000 JavaThread "Build operations Thread 5" [_thread_blocked, id=35724, stack(0x0000000022e50000,0x0000000022f50000)]
  0x000000001e6f6000 JavaThread "Build operations Thread 4" [_thread_blocked, id=11520, stack(0x0000000022c50000,0x0000000022d50000)]
  0x000000001e6ee800 JavaThread "Build operations Thread 3" [_thread_blocked, id=35584, stack(0x0000000022b50000,0x0000000022c50000)]
  0x000000001e6f0000 JavaThread "Build operations Thread 2" [_thread_blocked, id=36260, stack(0x0000000022a50000,0x0000000022b50000)]
  0x000000001e6f2000 JavaThread "Build operations" [_thread_blocked, id=33616, stack(0x0000000022740000,0x0000000022840000)]
  0x000000001e6f0800 JavaThread "Cache worker for execution history cache (C:\Users\Lelouch\.gradle\caches\5.6.2\executionHistory)" [_thread_blocked, id=31992, stack(0x00000000210d0000,0x00000000211d0000)]
  0x000000001e6f5000 JavaThread "Cache worker for cache directory md-rule (C:\Users\Lelouch\.gradle\caches\5.6.2\md-rule)" [_thread_blocked, id=34156, stack(0x0000000020bd0000,0x0000000020cd0000)]
  0x000000001e6f4800 JavaThread "Cache worker for cache directory md-supplier (C:\Users\Lelouch\.gradle\caches\5.6.2\md-supplier)" [_thread_blocked, id=37232, stack(0x0000000020ad0000,0x0000000020bd0000)]
  0x000000001b38d800 JavaThread "Cache worker for file hash cache (D:\Documents\Documents\Other\Git\Potaru\android\.gradle\5.6.2\fileHashes)" [_thread_blocked, id=35872, stack(0x000000001f5a0000,0x000000001f6a0000)]
  0x000000001b392000 JavaThread "Cache worker for journal cache (C:\Users\Lelouch\.gradle\caches\journal-1)" [_thread_blocked, id=5084, stack(0x000000001d100000,0x000000001d200000)]
  0x000000001b38c800 JavaThread "File lock request listener" [_thread_in_native, id=29364, stack(0x000000001d000000,0x000000001d100000)]
  0x000000001b38e000 JavaThread "Cache worker for file hash cache (C:\Users\Lelouch\.gradle\caches\5.6.2\fileHashes)" [_thread_blocked, id=33084, stack(0x000000001cf00000,0x000000001d000000)]
  0x000000001b33f000 JavaThread "Thread-9" [_thread_blocked, id=36680, stack(0x000000001ce00000,0x000000001cf00000)]
  0x000000001b33e000 JavaThread "Stdin handler" [_thread_blocked, id=32816, stack(0x000000001cd00000,0x000000001ce00000)]
  0x000000001b33c000 JavaThread "Asynchronous log dispatcher for DefaultDaemonConnection: socket connection from /127.0.0.1:60626 to /127.0.0.1:60627" [_thread_blocked, id=32608, stack(0x000000001cb00000,0x000000001cc00000)]
  0x000000001b33a800 JavaThread "Daemon worker" [_thread_in_native, id=32252, stack(0x000000001ca00000,0x000000001cb00000)]
  0x000000001b335800 JavaThread "Cancel handler" [_thread_blocked, id=36928, stack(0x000000001c700000,0x000000001c800000)]
  0x000000001b327800 JavaThread "Handler for socket connection from /127.0.0.1:60626 to /127.0.0.1:60627" [_thread_in_native, id=35180, stack(0x000000001c600000,0x000000001c700000)]
  0x000000001b31d000 JavaThread "Daemon" [_thread_blocked, id=13716, stack(0x000000001c500000,0x000000001c600000)]
  0x000000001b2b0800 JavaThread "Daemon periodic checks" [_thread_blocked, id=33804, stack(0x000000001c400000,0x000000001c500000)]
  0x000000001b2a0800 JavaThread "Incoming local TCP Connector on port 60626" [_thread_in_native, id=32076, stack(0x000000001c1c0000,0x000000001c2c0000)]
  0x000000001b1aa000 JavaThread "Daemon health stats" [_thread_blocked, id=34332, stack(0x000000001bec0000,0x000000001bfc0000)]
  0x0000000018946800 JavaThread "Service Thread" daemon [_thread_blocked, id=7476, stack(0x0000000019520000,0x0000000019620000)]
  0x00000000188be800 JavaThread "C1 CompilerThread3" daemon [_thread_blocked, id=13808, stack(0x0000000019420000,0x0000000019520000)]
  0x00000000188b9800 JavaThread "C2 CompilerThread2" daemon [_thread_in_native, id=37440, stack(0x0000000019320000,0x0000000019420000)]
  0x00000000188b7800 JavaThread "C2 CompilerThread1" daemon [_thread_in_native, id=37460, stack(0x0000000019220000,0x0000000019320000)]
=>0x000000001885b800 JavaThread "C2 CompilerThread0" daemon [_thread_in_native, id=35728, stack(0x0000000019120000,0x0000000019220000)]
  0x000000001885a800 JavaThread "Attach Listener" daemon [_thread_blocked, id=37644, stack(0x0000000019020000,0x0000000019120000)]
  0x0000000018858800 JavaThread "Signal Dispatcher" daemon [_thread_blocked, id=36128, stack(0x0000000018f20000,0x0000000019020000)]
  0x0000000016a42800 JavaThread "Finalizer" daemon [_thread_blocked, id=36480, stack(0x0000000018d20000,0x0000000018e20000)]
  0x0000000016a3b800 JavaThread "Reference Handler" daemon [_thread_blocked, id=33824, stack(0x0000000018c20000,0x0000000018d20000)]
  0x0000000002b83800 JavaThread "main" [_thread_blocked, id=7932, stack(0x0000000002a80000,0x0000000002b80000)]

Other Threads:
  0x0000000016a37000 VMThread [stack: 0x0000000018720000,0x0000000018820000] [id=34760]
  0x0000000018948000 WatcherThread [stack: 0x0000000019620000,0x0000000019720000] [id=32564]

VM state:not at safepoint (normal execution)

VM Mutex/Monitor currently owned by a thread: None

heap address: 0x00000000a0000000, size: 1536 MB, Compressed Oops mode: 32-bit
Narrow klass base: 0x0000000000000000, Narrow klass shift: 3
Compressed class space size: 1073741824 Address: 0x0000000100000000

Heap:
 PSYoungGen      total 111616K, used 109238K [0x00000000e0000000, 0x00000000e7e80000, 0x0000000100000000)
  eden space 98304K, 97% used [0x00000000e0000000,0x00000000e5db3248,0x00000000e6000000)
  from space 13312K, 99% used [0x00000000e6d80000,0x00000000e7a7a7a0,0x00000000e7a80000)
  to   space 13824K, 0% used [0x00000000e6000000,0x00000000e6000000,0x00000000e6d80000)
 ParOldGen       total 115712K, used 17423K [0x00000000a0000000, 0x00000000a7100000, 0x00000000e0000000)
  object space 115712K, 15% used [0x00000000a0000000,0x00000000a1103e40,0x00000000a7100000)
 Metaspace       used 48133K, capacity 49686K, committed 49960K, reserved 1091584K
  class space    used 6469K, capacity 6891K, committed 6952K, reserved 1048576K

Card table byte_map: [0x0000000012040000,0x0000000012350000] byte_map_base: 0x0000000011b40000

Marking Bits: (ParMarkBitMap*) 0x0000000068399f30
 Begin Bits: [0x0000000012d50000, 0x0000000014550000)
 End Bits:   [0x0000000014550000, 0x0000000015d50000)

Polling page: 0x0000000000d50000

CodeCache: size=245760Kb used=16481Kb max_used=16481Kb free=229278Kb
 bounds [0x0000000002c80000, 0x0000000003cb0000, 0x0000000011c80000]
 total_blobs=5527 nmethods=4751 adapters=688
 compilation: enabled

Compilation events (10 events):
Event: 5.005 Thread 0x00000000188be800 4791       3       org.gradle.internal.operations.DefaultBuildOperationExecutor$3::close (37 bytes)
Event: 5.006 Thread 0x00000000188be800 nmethod 4791 0x0000000003c9ce90 code [0x0000000003c9d0e0, 0x0000000003c9e108]
Event: 5.006 Thread 0x00000000188be800 4792       3       org.gradle.internal.operations.DefaultBuildOperationExecutor::access$1100 (6 bytes)
Event: 5.006 Thread 0x00000000188be800 nmethod 4792 0x0000000003c9ea90 code [0x0000000003c9ec40, 0x0000000003c9f1e8]
Event: 5.006 Thread 0x00000000188be800 4781       3       org.gradle.internal.operations.notify.BuildOperationNotificationBridge$Finished::<init> (15 bytes)
Event: 5.006 Thread 0x00000000188be800 nmethod 4781 0x0000000003c9f590 code [0x0000000003c9f700, 0x0000000003c9f888]
Event: 5.006 Thread 0x00000000188be800 4782   !   3       org.gradle.internal.operations.notify.BuildOperationNotificationBridge$ReplayAndAttachListener::finished (64 bytes)
Event: 5.007 Thread 0x00000000188be800 nmethod 4782 0x0000000003c9f950 code [0x0000000003c9fb00, 0x0000000003ca00c8]
Event: 5.013 Thread 0x00000000188be800 4793       3       com.google.common.base.Preconditions::checkNotNull (14 bytes)
Event: 5.014 Thread 0x00000000188be800 nmethod 4793 0x0000000003ca02d0 code [0x0000000003ca0440, 0x0000000003ca0668]

GC Heap History (10 events):
Event: 3.202 GC heap before
{Heap before GC invocations=6 (full 1):
 PSYoungGen      total 76288K, used 73934K [0x00000000e0000000, 0x00000000e7280000, 0x0000000100000000)
  eden space 65536K, 100% used [0x00000000e0000000,0x00000000e4000000,0x00000000e4000000)
  from space 10752K, 78% used [0x00000000e4a80000,0x00000000e52b38a0,0x00000000e5500000)
  to   space 10752K, 0% used [0x00000000e4000000,0x00000000e4000000,0x00000000e4a80000)
 ParOldGen       total 115712K, used 12354K [0x00000000a0000000, 0x00000000a7100000, 0x00000000e0000000)
  object space 115712K, 10% used [0x00000000a0000000,0x00000000a0c109b8,0x00000000a7100000)
 Metaspace       used 31148K, capacity 31668K, committed 32176K, reserved 1077248K
  class space    used 4262K, capacity 4434K, committed 4528K, reserved 1048576K
Event: 3.207 GC heap after
Heap after GC invocations=6 (full 1):
 PSYoungGen      total 76288K, used 9231K [0x00000000e0000000, 0x00000000e7a80000, 0x0000000100000000)
  eden space 65536K, 0% used [0x00000000e0000000,0x00000000e0000000,0x00000000e4000000)
  from space 10752K, 85% used [0x00000000e4000000,0x00000000e4903f48,0x00000000e4a80000)
  to   space 13312K, 0% used [0x00000000e6d80000,0x00000000e6d80000,0x00000000e7a80000)
 ParOldGen       total 115712K, used 12362K [0x00000000a0000000, 0x00000000a7100000, 0x00000000e0000000)
  object space 115712K, 10% used [0x00000000a0000000,0x00000000a0c129b8,0x00000000a7100000)
 Metaspace       used 31148K, capacity 31668K, committed 32176K, reserved 1077248K
  class space    used 4262K, capacity 4434K, committed 4528K, reserved 1048576K
}
Event: 3.581 GC heap before
{Heap before GC invocations=7 (full 1):
 PSYoungGen      total 76288K, used 74767K [0x00000000e0000000, 0x00000000e7a80000, 0x0000000100000000)
  eden space 65536K, 100% used [0x00000000e0000000,0x00000000e4000000,0x00000000e4000000)
  from space 10752K, 85% used [0x00000000e4000000,0x00000000e4903f48,0x00000000e4a80000)
  to   space 13312K, 0% used [0x00000000e6d80000,0x00000000e6d80000,0x00000000e7a80000)
 ParOldGen       total 115712K, used 12362K [0x00000000a0000000, 0x00000000a7100000, 0x00000000e0000000)
  object space 115712K, 10% used [0x00000000a0000000,0x00000000a0c129b8,0x00000000a7100000)
 Metaspace       used 34145K, capacity 34918K, committed 35120K, reserved 1079296K
  class space    used 4680K, capacity 4873K, committed 4912K, reserved 1048576K
Event: 3.588 GC heap after
Heap after GC invocations=7 (full 1):
 PSYoungGen      total 111616K, used 11357K [0x00000000e0000000, 0x00000000e7e80000, 0x0000000100000000)
  eden space 98304K, 0% used [0x00000000e0000000,0x00000000e0000000,0x00000000e6000000)
  from space 13312K, 85% used [0x00000000e6d80000,0x00000000e78975f0,0x00000000e7a80000)
  to   space 13824K, 0% used [0x00000000e6000000,0x00000000e6000000,0x00000000e6d80000)
 ParOldGen       total 115712K, used 12370K [0x00000000a0000000, 0x00000000a7100000, 0x00000000e0000000)
  object space 115712K, 10% used [0x00000000a0000000,0x00000000a0c149b8,0x00000000a7100000)
 Metaspace       used 34145K, capacity 34918K, committed 35120K, reserved 1079296K
  class space    used 4680K, capacity 4873K, committed 4912K, reserved 1048576K
}
Event: 3.705 GC heap before
{Heap before GC invocations=8 (full 1):
 PSYoungGen      total 111616K, used 21742K [0x00000000e0000000, 0x00000000e7e80000, 0x0000000100000000)
  eden space 98304K, 10% used [0x00000000e0000000,0x00000000e0a24240,0x00000000e6000000)
  from space 13312K, 85% used [0x00000000e6d80000,0x00000000e78975f0,0x00000000e7a80000)
  to   space 13824K, 0% used [0x00000000e6000000,0x00000000e6000000,0x00000000e6d80000)
 ParOldGen       total 115712K, used 12370K [0x00000000a0000000, 0x00000000a7100000, 0x00000000e0000000)
  object space 115712K, 10% used [0x00000000a0000000,0x00000000a0c149b8,0x00000000a7100000)
 Metaspace       used 34475K, capacity 35406K, committed 35496K, reserved 1079296K
  class space    used 4730K, capacity 4991K, committed 5032K, reserved 1048576K
Event: 3.710 GC heap after
Heap after GC invocations=8 (full 1):
 PSYoungGen      total 112128K, used 9986K [0x00000000e0000000, 0x00000000e7e80000, 0x0000000100000000)
  eden space 98304K, 0% used [0x00000000e0000000,0x00000000e0000000,0x00000000e6000000)
  from space 13824K, 72% used [0x00000000e6000000,0x00000000e69c0b18,0x00000000e6d80000)
  to   space 13312K, 0% used [0x00000000e6d80000,0x00000000e6d80000,0x00000000e7a80000)
 ParOldGen       total 115712K, used 12378K [0x00000000a0000000, 0x00000000a7100000, 0x00000000e0000000)
  object space 115712K, 10% used [0x00000000a0000000,0x00000000a0c169b8,0x00000000a7100000)
 Metaspace       used 34475K, capacity 35406K, committed 35496K, reserved 1079296K
  class space    used 4730K, capacity 4991K, committed 5032K, reserved 1048576K
}
Event: 3.710 GC heap before
{Heap before GC invocations=9 (full 2):
 PSYoungGen      total 112128K, used 9986K [0x00000000e0000000, 0x00000000e7e80000, 0x0000000100000000)
  eden space 98304K, 0% used [0x00000000e0000000,0x00000000e0000000,0x00000000e6000000)
  from space 13824K, 72% used [0x00000000e6000000,0x00000000e69c0b18,0x00000000e6d80000)
  to   space 13312K, 0% used [0x00000000e6d80000,0x00000000e6d80000,0x00000000e7a80000)
 ParOldGen       total 115712K, used 12378K [0x00000000a0000000, 0x00000000a7100000, 0x00000000e0000000)
  object space 115712K, 10% used [0x00000000a0000000,0x00000000a0c169b8,0x00000000a7100000)
 Metaspace       used 34475K, capacity 35406K, committed 35496K, reserved 1079296K
  class space    used 4730K, capacity 4991K, committed 5032K, reserved 1048576K
Event: 3.768 GC heap after
Heap after GC invocations=9 (full 2):
 PSYoungGen      total 112128K, used 0K [0x00000000e0000000, 0x00000000e7e80000, 0x0000000100000000)
  eden space 98304K, 0% used [0x00000000e0000000,0x00000000e0000000,0x00000000e6000000)
  from space 13824K, 0% used [0x00000000e6000000,0x00000000e6000000,0x00000000e6d80000)
  to   space 13312K, 0% used [0x00000000e6d80000,0x00000000e6d80000,0x00000000e7a80000)
 ParOldGen       total 115712K, used 17096K [0x00000000a0000000, 0x00000000a7100000, 0x00000000e0000000)
  object space 115712K, 14% used [0x00000000a0000000,0x00000000a10b2310,0x00000000a7100000)
 Metaspace       used 34450K, capacity 35322K, committed 35496K, reserved 1079296K
  class space    used 4722K, capacity 4977K, committed 5032K, reserved 1048576K
}
Event: 4.448 GC heap before
{Heap before GC invocations=10 (full 2):
 PSYoungGen      total 112128K, used 98304K [0x00000000e0000000, 0x00000000e7e80000, 0x0000000100000000)
  eden space 98304K, 100% used [0x00000000e0000000,0x00000000e6000000,0x00000000e6000000)
  from space 13824K, 0% used [0x00000000e6000000,0x00000000e6000000,0x00000000e6d80000)
  to   space 13312K, 0% used [0x00000000e6d80000,0x00000000e6d80000,0x00000000e7a80000)
 ParOldGen       total 115712K, used 17096K [0x00000000a0000000, 0x00000000a7100000, 0x00000000e0000000)
  object space 115712K, 14% used [0x00000000a0000000,0x00000000a10b2310,0x00000000a7100000)
 Metaspace       used 44197K, capacity 45266K, committed 45736K, reserved 1089536K
  class space    used 5909K, capacity 6244K, committed 6312K, reserved 1048576K
Event: 4.455 GC heap after
Heap after GC invocations=10 (full 2):
 PSYoungGen      total 111616K, used 13289K [0x00000000e0000000, 0x00000000e7e80000, 0x0000000100000000)
  eden space 98304K, 0% used [0x00000000e0000000,0x00000000e0000000,0x00000000e6000000)
  from space 13312K, 99% used [0x00000000e6d80000,0x00000000e7a7a7a0,0x00000000e7a80000)
  to   space 13824K, 0% used [0x00000000e6000000,0x00000000e6000000,0x00000000e6d80000)
 ParOldGen       total 115712K, used 17423K [0x00000000a0000000, 0x00000000a7100000, 0x00000000e0000000)
  object space 115712K, 15% used [0x00000000a0000000,0x00000000a1103e40,0x00000000a7100000)
 Metaspace       used 44197K, capacity 45266K, committed 45736K, reserved 1089536K
  class space    used 5909K, capacity 6244K, committed 6312K, reserved 1048576K
}

Deoptimization events (10 events):
Event: 4.908 Thread 0x000000001b33a800 Uncommon trap: reason=bimorphic action=maybe_recompile pc=0x0000000003c00dac method=org.codehaus.groovy.util.SingleKeyHashMap.get(Ljava/lang/Object;)Ljava/lang/Object; @ 43
Event: 4.954 Thread 0x000000001b33a800 Uncommon trap: reason=bimorphic action=maybe_recompile pc=0x0000000003b82e18 method=com.google.common.collect.RegularImmutableMap.get([I[Ljava/lang/Object;IILjava/lang/Object;)Ljava/lang/Object; @ 17
Event: 4.956 Thread 0x000000001b33a800 Uncommon trap: reason=speculate_class_check action=maybe_recompile pc=0x00000000037573e8 method=com.google.common.collect.AbstractIndexedListIterator.next()Ljava/lang/Object; @ 27
Event: 4.956 Thread 0x000000001b33a800 Uncommon trap: reason=speculate_class_check action=maybe_recompile pc=0x00000000037573e8 method=com.google.common.collect.AbstractIndexedListIterator.next()Ljava/lang/Object; @ 27
Event: 4.956 Thread 0x000000001b33a800 Uncommon trap: reason=speculate_class_check action=maybe_recompile pc=0x00000000037573e8 method=com.google.common.collect.AbstractIndexedListIterator.next()Ljava/lang/Object; @ 27
Event: 4.956 Thread 0x000000001b33a800 Uncommon trap: reason=speculate_class_check action=maybe_recompile pc=0x00000000037573e8 method=com.google.common.collect.AbstractIndexedListIterator.next()Ljava/lang/Object; @ 27
Event: 4.963 Thread 0x000000001b33a800 Uncommon trap: reason=bimorphic action=maybe_recompile pc=0x0000000003b82e18 method=com.google.common.collect.RegularImmutableMap.get([I[Ljava/lang/Object;IILjava/lang/Object;)Ljava/lang/Object; @ 17
Event: 4.974 Thread 0x000000001b33a800 Uncommon trap: reason=bimorphic action=maybe_recompile pc=0x0000000003b82e18 method=com.google.common.collect.RegularImmutableMap.get([I[Ljava/lang/Object;IILjava/lang/Object;)Ljava/lang/Object; @ 17
Event: 4.974 Thread 0x000000001b33a800 Uncommon trap: reason=bimorphic action=maybe_recompile pc=0x0000000003b82e18 method=com.google.common.collect.RegularImmutableMap.get([I[Ljava/lang/Object;IILjava/lang/Object;)Ljava/lang/Object; @ 17
Event: 4.981 Thread 0x000000001b33a800 Uncommon trap: reason=unstable_if action=reinterpret pc=0x0000000003a084b0 method=org.gradle.internal.instantiation.AbstractClassGenerator$InjectionAnnotationValidator.validateMethod(Ljava/lang/reflect/Method;Lorg/gradle/internal/reflect/PropertyAccessorT

Classes redefined (0 events):
No events

Internal exceptions (10 events):
Event: 4.898 Thread 0x000000001b33a800 Exception <a 'java/lang/ClassNotFoundException': com/android/build/gradle/internal/dsl/SigningConfig_DecoratedBeanInfo> (0x00000000e5211528) thrown at [D:\src\AOSP-openjdk-cygwin\jdk8u\hotspot\src\share\vm\classfile\systemDictionary.cpp, line 210]
Event: 4.898 Thread 0x000000001b33a800 Exception <a 'java/lang/ClassNotFoundException': com/android/build/gradle/internal/dsl/SigningConfigBeanInfo> (0x00000000e52337e8) thrown at [D:\src\AOSP-openjdk-cygwin\jdk8u\hotspot\src\share\vm\classfile\systemDictionary.cpp, line 210]
Event: 4.899 Thread 0x000000001b33a800 Exception <a 'java/lang/ClassNotFoundException': com/android/builder/signing/DefaultSigningConfigBeanInfo> (0x00000000e5254670) thrown at [D:\src\AOSP-openjdk-cygwin\jdk8u\hotspot\src\share\vm\classfile\systemDictionary.cpp, line 210]
Event: 4.899 Thread 0x000000001b33a800 Exception <a 'java/lang/ClassNotFoundException': com/android/builder/signing/DefaultSigningConfigCustomizer> (0x00000000e5275530) thrown at [D:\src\AOSP-openjdk-cygwin\jdk8u\hotspot\src\share\vm\classfile\systemDictionary.cpp, line 210]
Event: 4.900 Thread 0x000000001b33a800 Exception <a 'java/lang/ClassNotFoundException': com/android/build/gradle/internal/dsl/SigningConfigCustomizer> (0x00000000e52a9948) thrown at [D:\src\AOSP-openjdk-cygwin\jdk8u\hotspot\src\share\vm\classfile\systemDictionary.cpp, line 210]
Event: 4.901 Thread 0x000000001b33a800 Exception <a 'java/lang/ClassNotFoundException': com/android/build/gradle/internal/dsl/SigningConfig_DecoratedCustomizer> (0x00000000e52e5760) thrown at [D:\src\AOSP-openjdk-cygwin\jdk8u\hotspot\src\share\vm\classfile\systemDictionary.cpp, line 210]
Event: 4.903 Thread 0x000000001b33a800 Exception <a 'java/lang/ClassNotFoundException': build_5rio7hl788dlxsny80380c502$_run_closure2$_closure8BeanInfo> (0x00000000e533c170) thrown at [D:\src\AOSP-openjdk-cygwin\jdk8u\hotspot\src\share\vm\classfile\systemDictionary.cpp, line 210]
Event: 4.903 Thread 0x000000001b33a800 Exception <a 'java/lang/ClassNotFoundException': build_5rio7hl788dlxsny80380c502$_run_closure2$_closure8Customizer> (0x00000000e5352dd8) thrown at [D:\src\AOSP-openjdk-cygwin\jdk8u\hotspot\src\share\vm\classfile\systemDictionary.cpp, line 210]
Event: 4.904 Thread 0x000000001b33a800 Exception <a 'java/lang/ClassNotFoundException': build_5rio7hl788dlxsny80380c502$_run_closure2BeanInfo> (0x00000000e53813d8) thrown at [D:\src\AOSP-openjdk-cygwin\jdk8u\hotspot\src\share\vm\classfile\systemDictionary.cpp, line 210]
Event: 4.905 Thread 0x000000001b33a800 Exception <a 'java/lang/ClassNotFoundException': build_5rio7hl788dlxsny80380c502$_run_closure2Customizer> (0x00000000e53967c8) thrown at [D:\src\AOSP-openjdk-cygwin\jdk8u\hotspot\src\share\vm\classfile\systemDictionary.cpp, line 210]

Events (10 events):
Event: 5.048 loading class com/sun/org/apache/xerces/internal/xni/parser/XMLDocumentScanner done
Event: 5.048 loading class com/sun/org/apache/xerces/internal/impl/XMLEntityHandler
Event: 5.048 loading class com/sun/org/apache/xerces/internal/impl/XMLEntityHandler done
Event: 5.048 loading class com/sun/xml/internal/stream/XMLBufferListener
Event: 5.048 loading class com/sun/xml/internal/stream/XMLBufferListener done
Event: 5.049 loading class com/sun/org/apache/xerces/internal/impl/XMLScanner
Event: 5.049 loading class com/sun/org/apache/xerces/internal/impl/XMLScanner done
Event: 5.049 loading class com/sun/org/apache/xerces/internal/impl/XMLDocumentFragmentScannerImpl done
Event: 5.049 loading class com/sun/org/apache/xerces/internal/impl/XMLDocumentScannerImpl done
Event: 5.049 loading class com/sun/org/apache/xerces/internal/impl/XMLNSDocumentScannerImpl done


Dynamic libraries:
0x00007ff6d68d0000 - 0x00007ff6d6901000 	C:\Program Files\Android\Android Studio\jre\bin\java.exe
0x00007ffd851c0000 - 0x00007ffd853b0000 	C:\WINDOWS\SYSTEM32\ntdll.dll
0x00007ffd833c0000 - 0x00007ffd83472000 	C:\WINDOWS\System32\KERNEL32.DLL
0x00007ffd82260000 - 0x00007ffd82504000 	C:\WINDOWS\System32\KERNELBASE.dll
0x00007ffd84bb0000 - 0x00007ffd84c53000 	C:\WINDOWS\System32\ADVAPI32.dll
0x00007ffd83830000 - 0x00007ffd838ce000 	C:\WINDOWS\System32\msvcrt.dll
0x00007ffd84410000 - 0x00007ffd844a7000 	C:\WINDOWS\System32\sechost.dll
0x00007ffd83ef0000 - 0x00007ffd84010000 	C:\WINDOWS\System32\RPCRT4.dll
0x00007ffd834e0000 - 0x00007ffd83675000 	C:\WINDOWS\System32\USER32.dll
0x00007ffd83180000 - 0x00007ffd831a1000 	C:\WINDOWS\System32\win32u.dll
0x00007ffd832c0000 - 0x00007ffd832e6000 	C:\WINDOWS\System32\GDI32.dll
0x00007ffd82fe0000 - 0x00007ffd83176000 	C:\WINDOWS\System32\gdi32full.dll
0x00007ffd82560000 - 0x00007ffd825fe000 	C:\WINDOWS\System32\msvcp_win.dll
0x00007ffd82600000 - 0x00007ffd826fa000 	C:\WINDOWS\System32\ucrtbase.dll
0x00007ffd72d00000 - 0x00007ffd72f84000 	C:\WINDOWS\WinSxS\amd64_microsoft.windows.common-controls_6595b64144ccf1df_6.0.18362.1016_none_9e7a36bbe461dae4\COMCTL32.dll
0x00007ffd838d0000 - 0x00007ffd83c05000 	C:\WINDOWS\System32\combase.dll
0x00007ffd82110000 - 0x00007ffd82190000 	C:\WINDOWS\System32\bcryptPrimitives.dll
0x00007ffd83680000 - 0x00007ffd836ae000 	C:\WINDOWS\System32\IMM32.DLL
0x00007ffd81b90000 - 0x00007ffd81c87000 	C:\Windows\system32\guard64.dll
0x00007ffd81b80000 - 0x00007ffd81b8a000 	C:\WINDOWS\system32\version.dll
0x00007ffd836b0000 - 0x00007ffd83807000 	C:\WINDOWS\System32\ole32.dll
0x00007ffd81a80000 - 0x00007ffd81a8a000 	C:\WINDOWS\system32\fltlib.dll
0x0000000068420000 - 0x00000000684f2000 	C:\Program Files\Android\Android Studio\jre\jre\bin\msvcr100.dll
0x0000000067bd0000 - 0x0000000068416000 	C:\Program Files\Android\Android Studio\jre\jre\bin\server\jvm.dll
0x00007ffd84ba0000 - 0x00007ffd84ba8000 	C:\WINDOWS\System32\PSAPI.DLL
0x00007ffd5ad30000 - 0x00007ffd5ad39000 	C:\WINDOWS\SYSTEM32\WSOCK32.dll
0x00007ffd84010000 - 0x00007ffd8407f000 	C:\WINDOWS\System32\WS2_32.dll
0x00007ffd7f160000 - 0x00007ffd7f184000 	C:\WINDOWS\SYSTEM32\WINMM.dll
0x00007ffd7f130000 - 0x00007ffd7f15d000 	C:\WINDOWS\SYSTEM32\WINMMBASE.dll
0x00007ffd82510000 - 0x00007ffd8255a000 	C:\WINDOWS\System32\cfgmgr32.dll
0x00007ffd53a10000 - 0x00007ffd53a1f000 	C:\Program Files\Android\Android Studio\jre\jre\bin\verify.dll
0x00007ffd4b980000 - 0x00007ffd4b9a9000 	C:\Program Files\Android\Android Studio\jre\jre\bin\java.dll
0x00007ffd50550000 - 0x00007ffd50566000 	C:\Program Files\Android\Android Studio\jre\jre\bin\zip.dll
0x00007ffd844b0000 - 0x00007ffd84b97000 	C:\WINDOWS\System32\SHELL32.dll
0x00007ffd84360000 - 0x00007ffd84409000 	C:\WINDOWS\System32\shcore.dll
0x00007ffd82850000 - 0x00007ffd82fd2000 	C:\WINDOWS\System32\windows.storage.dll
0x00007ffd820e0000 - 0x00007ffd82103000 	C:\WINDOWS\System32\profapi.dll
0x00007ffd82050000 - 0x00007ffd8209a000 	C:\WINDOWS\System32\powrprof.dll
0x00007ffd82040000 - 0x00007ffd82050000 	C:\WINDOWS\System32\UMPDC.dll
0x00007ffd83480000 - 0x00007ffd834d2000 	C:\WINDOWS\System32\shlwapi.dll
0x00007ffd820c0000 - 0x00007ffd820d1000 	C:\WINDOWS\System32\kernel.appcore.dll
0x00007ffd82190000 - 0x00007ffd821a7000 	C:\WINDOWS\System32\cryptsp.dll
0x00007ffd4b960000 - 0x00007ffd4b97a000 	C:\Program Files\Android\Android Studio\jre\jre\bin\net.dll
0x00007ffd7a650000 - 0x00007ffd7a826000 	C:\WINDOWS\SYSTEM32\urlmon.dll
0x00007ffd7b6f0000 - 0x00007ffd7b996000 	C:\WINDOWS\SYSTEM32\iertutil.dll
0x00007ffd81950000 - 0x00007ffd8195c000 	C:\WINDOWS\SYSTEM32\CRYPTBASE.DLL
0x00007ffd81780000 - 0x00007ffd817e7000 	C:\WINDOWS\system32\mswsock.dll
0x00007ffd4b810000 - 0x00007ffd4b823000 	C:\Program Files\Android\Android Studio\jre\jre\bin\nio.dll
0x00007ffd4b7e0000 - 0x00007ffd4b806000 	C:\Users\Lelouch\.gradle\native\30\windows-amd64\native-platform.dll
0x00007ffd53470000 - 0x00007ffd5347d000 	C:\Program Files\Android\Android Studio\jre\jre\bin\management.dll
0x00007ffd812f0000 - 0x00007ffd81323000 	C:\WINDOWS\system32\rsaenh.dll
0x00007ffd83210000 - 0x00007ffd83236000 	C:\WINDOWS\System32\bcrypt.dll
0x00007ffd81f30000 - 0x00007ffd81f55000 	C:\WINDOWS\SYSTEM32\USERENV.dll
0x00007ffd81490000 - 0x00007ffd814ca000 	C:\WINDOWS\SYSTEM32\IPHLPAPI.DLL
0x00007ffd83c10000 - 0x00007ffd83c18000 	C:\WINDOWS\System32\NSI.dll
0x00007ffd75350000 - 0x00007ffd75366000 	C:\WINDOWS\SYSTEM32\dhcpcsvc6.DLL
0x00007ffd75330000 - 0x00007ffd7534c000 	C:\WINDOWS\SYSTEM32\dhcpcsvc.DLL
0x00007ffd814d0000 - 0x00007ffd8159b000 	C:\WINDOWS\SYSTEM32\DNSAPI.dll

VM Arguments:
jvm_args: -Xmx1536M -Dfile.encoding=GBK -Duser.country=MY -Duser.language=en -Duser.variant 
java_command: org.gradle.launcher.daemon.bootstrap.GradleDaemon 5.6.2
java_class_path (initial): C:\Users\Lelouch\.gradle\wrapper\dists\gradle-5.6.2-all\9st6wgf78h16so49nn74lgtbb\gradle-5.6.2\lib\gradle-launcher-5.6.2.jar
Launcher Type: SUN_STANDARD

Environment Variables:
JAVA_HOME=C:\Program Files\Android\Android Studio\jre
CLASSPATH=D:\Documents\Documents\Other\Git\Potaru\android\\gradle\wrapper\gradle-wrapper.jar
PATH=C:\Program Files (x86)\Python38-32\Scripts\;C:\Program Files (x86)\Python38-32\;C:\oraclexe\app\oracle\product\11.2.0\server\bin;C:\Windows\system32;C:\Windows;C:\Windows\System32\Wbem;C:\Windows\System32\WindowsPowerShell\v1.0\;C:\Windows\System32\OpenSSH\;C:\Program Files\Intel\WiFi\bin\;C:\Program Files\Common Files\Intel\WirelessCommon\;C:\Program Files (x86)\NVIDIA Corporation\PhysX\Common;C:\Users\Lelouch\.dnx\bin;C:\Program Files\Microsoft DNX\Dnvm\;C:\Program Files\Microsoft VS Code\bin;C:\Program Files\NVIDIA Corporation\NVIDIA NvDLISR;C:\Program Files\dotnet\;C:\Program Files\Microsoft SQL Server\Client SDK\ODBC\170\Tools\Binn\;C:\Program Files\Java\jdk1.8.0_202\bin;D:\Documents\Documents\Education\Utar\App\apache-tomee-plume-1.7.5\bin;C:\Program Files (x86)\Common Files\Acronis\VirtualFile\;C:\Program Files (x86)\Common Files\Acronis\VirtualFile64\;C:\Program Files (x86)\Common Files\Acronis\FileProtector\;C:\Program Files (x86)\Common Files\Acronis\FileProtector64\;C:\Program Files (x86)\Common Files\Acronis\SnapAPI\;C:\Program Files\Dart\dart-sdk\bin;C:\Program Files\nodejs\;C:\Program Files (x86)\Yarn\bin\;C:\Program Files\Microsoft SQL Server\130\Tools\Binn\;C:\Program Files (x86)\Microsoft SQL Server\150\DTS\Binn\;C:\WINDOWS\system32;C:\WINDOWS;C:\WINDOWS\System32\Wbem;C:\WINDOWS\System32\WindowsPowerShell\v1.0\;C:\WINDOWS\System32\OpenSSH\;C:\Program Files\Git\cmd;C:\Program Files\MySQL\MySQL Shell 8.0\bin\;C:\Users\Lelouch\AppData\Local\Microsoft\WindowsApps;C:\flutter\bin;C:\Program Files\heroku\bin;C:\Users\Lelouch\AppData\Roaming\npm;C:\Users\Lelouch\AppData\Local\GitHubDesktop\bin;C:\Users\Lelouch\AppData\Local\Yarn\bin;%USERPROFILE%\AppData\Local\Microsoft\WindowsApps;;C:\flutter\bin\mingit\cmd
USERNAME=Lelouch
OS=Windows_NT
PROCESSOR_IDENTIFIER=Intel64 Family 6 Model 158 Stepping 10, GenuineIntel



---------------  S Y S T E M  ---------------

OS: Windows 10.0 , 64 bit Build 18362 (10.0.18362.959)

CPU:total 8 (initial active 8) (4 cores per cpu, 2 threads per core) family 6 model 158 stepping 10, cmov, cx8, fxsr, mmx, sse, sse2, sse3, ssse3, sse4.1, sse4.2, popcnt, avx, avx2, aes, clmul, erms, 3dnowpref, lzcnt, ht, tsc, tscinvbit, bmi1, bmi2, adx

Memory: 4k page, physical 16646384k(3488468k free), swap 18957136k(96k free)

vm_info: OpenJDK 64-Bit Server VM (25.212-b04) for windows-amd64 JRE (1.8.0_212-release-1586-b04), built by "builder" with MS VC++ 10.0 (VS2010)

time: Sat Sep 05 17:10:22 2020
timezone: Malay Peninsula Standard Time
elapsed time: 5 seconds (0d 0h 0m 5s)

